[ 2017-05-19T08:21:44+08:00 ] 192.168.1.32 /favicon.ico
INFO: [ app_init ] --START--
INFO: Run Behavior\BuildLiteBehavior [ RunTime:0.000062s ]
INFO: [ app_init ] --END-- [ RunTime:0.002382s ]
ERR: 无法加载模块:Favicon

[ 2017-05-19T08:32:57+08:00 ] 127.0.0.1 /favicon.ico
INFO: [ app_init ] --START--
INFO: Run Behavior\BuildLiteBehavior [ RunTime:0.000062s ]
INFO: [ app_init ] --END-- [ RunTime:0.001921s ]
ERR: 无法加载模块:Favicon

[ 2017-05-19T08:39:44+08:00 ] 127.0.0.1 /Public/Home/js/index/hammer.min.js.map
INFO: [ app_init ] --START--
INFO: Run Behavior\BuildLiteBehavior [ RunTime:0.000057s ]
INFO: [ app_init ] --END-- [ RunTime:0.002053s ]
ERR: 无法加载模块:Public

[ 2017-05-19T08:39:45+08:00 ] 127.0.0.1 /favicon.ico
INFO: [ app_init ] --START--
INFO: Run Behavior\BuildLiteBehavior [ RunTime:0.000045s ]
INFO: [ app_init ] --END-- [ RunTime:0.003034s ]
ERR: 无法加载模块:Favicon

[ 2017-05-19T08:39:53+08:00 ] 127.0.0.1 /Public/Home/js/index/hammer.min.js.map
INFO: [ app_init ] --START--
INFO: Run Behavior\BuildLiteBehavior [ RunTime:0.000049s ]
INFO: [ app_init ] --END-- [ RunTime:0.001874s ]
ERR: 无法加载模块:Public

[ 2017-05-19T08:40:04+08:00 ] 127.0.0.1 /Public/Home/js/index/hammer.min.js.map
INFO: [ app_init ] --START--
INFO: Run Behavior\BuildLiteBehavior [ RunTime:0.000067s ]
INFO: [ app_init ] --END-- [ RunTime:0.002185s ]
ERR: 无法加载模块:Public

[ 2017-05-19T08:40:23+08:00 ] 127.0.0.1 /Public/Home/js/index/hammer.min.js.map
INFO: [ app_init ] --START--
INFO: Run Behavior\BuildLiteBehavior [ RunTime:0.000059s ]
INFO: [ app_init ] --END-- [ RunTime:0.003060s ]
ERR: 无法加载模块:Public

[ 2017-05-19T09:02:19+08:00 ] 127.0.0.1 /Public/Home/js/index/hammer.min.js.map
INFO: [ app_init ] --START--
INFO: Run Behavior\BuildLiteBehavior [ RunTime:0.000069s ]
INFO: [ app_init ] --END-- [ RunTime:0.002293s ]
ERR: 无法加载模块:Public

[ 2017-05-19T09:03:50+08:00 ] 127.0.0.1 /Public/Home/js/index/hammer.min.js.map
INFO: [ app_init ] --START--
INFO: Run Behavior\BuildLiteBehavior [ RunTime:0.000061s ]
INFO: [ app_init ] --END-- [ RunTime:0.004542s ]
ERR: 无法加载模块:Public

<<<<<<< HEAD
[ 2017-05-19T09:10:01+08:00 ] 127.0.0.1 /Public/Home/js/index/hammer.min.js.map
INFO: [ app_init ] --START--
INFO: Run Behavior\BuildLiteBehavior [ RunTime:0.000061s ]
INFO: [ app_init ] --END-- [ RunTime:0.001893s ]
ERR: 无法加载模块:Public

[ 2017-05-19T09:10:07+08:00 ] 127.0.0.1 /Public/Home/js/index/hammer.min.js.map
INFO: [ app_init ] --START--
INFO: Run Behavior\BuildLiteBehavior [ RunTime:0.000034s ]
INFO: [ app_init ] --END-- [ RunTime:0.000988s ]
ERR: 无法加载模块:Public

[ 2017-05-19T09:10:10+08:00 ] 127.0.0.1 /Public/Home/js/index/hammer.min.js.map
INFO: [ app_init ] --START--
INFO: Run Behavior\BuildLiteBehavior [ RunTime:0.000046s ]
INFO: [ app_init ] --END-- [ RunTime:0.001568s ]
ERR: 无法加载模块:Public

[ 2017-05-19T09:12:47+08:00 ] 127.0.0.1 /Public/Home/js/index/hammer.min.js.map
INFO: [ app_init ] --START--
INFO: Run Behavior\BuildLiteBehavior [ RunTime:0.000574s ]
INFO: [ app_init ] --END-- [ RunTime:0.004076s ]
ERR: 无法加载模块:Public

[ 2017-05-19T09:12:48+08:00 ] 127.0.0.1 /Public/Home/js/index/hammer.min.js.map
INFO: [ app_init ] --START--
INFO: Run Behavior\BuildLiteBehavior [ RunTime:0.000050s ]
INFO: [ app_init ] --END-- [ RunTime:0.001735s ]
ERR: 无法加载模块:Public

[ 2017-05-19T09:15:37+08:00 ] 127.0.0.1 /Public/Home/js/index/hammer.min.js.map
INFO: [ app_init ] --START--
INFO: Run Behavior\BuildLiteBehavior [ RunTime:0.000060s ]
INFO: [ app_init ] --END-- [ RunTime:0.001885s ]
ERR: 无法加载模块:Public

[ 2017-05-19T09:19:35+08:00 ] 127.0.0.1 /Public/Home/js/index/hammer.min.js.map
INFO: [ app_init ] --START--
INFO: Run Behavior\BuildLiteBehavior [ RunTime:0.000052s ]
INFO: [ app_init ] --END-- [ RunTime:0.001384s ]
ERR: 无法加载模块:Public

[ 2017-05-19T09:19:38+08:00 ] 127.0.0.1 /Public/Home/js/index/hammer.min.js.map
INFO: [ app_init ] --START--
INFO: Run Behavior\BuildLiteBehavior [ RunTime:0.000075s ]
INFO: [ app_init ] --END-- [ RunTime:0.003227s ]
ERR: 无法加载模块:Public

[ 2017-05-19T09:19:39+08:00 ] 127.0.0.1 /Public/Home/js/index/hammer.min.js.map
INFO: [ app_init ] --START--
INFO: Run Behavior\BuildLiteBehavior [ RunTime:0.000054s ]
INFO: [ app_init ] --END-- [ RunTime:0.001721s ]
ERR: 无法加载模块:Public

[ 2017-05-19T09:23:38+08:00 ] 127.0.0.1 /Public/Home/js/index/hammer.min.js.map
INFO: [ app_init ] --START--
INFO: Run Behavior\BuildLiteBehavior [ RunTime:0.000061s ]
INFO: [ app_init ] --END-- [ RunTime:0.004688s ]
ERR: 无法加载模块:Public

[ 2017-05-19T09:24:48+08:00 ] 127.0.0.1 /Public/Home/js/index/hammer.min.js.map
INFO: [ app_init ] --START--
INFO: Run Behavior\BuildLiteBehavior [ RunTime:0.000062s ]
INFO: [ app_init ] --END-- [ RunTime:0.007028s ]
ERR: 无法加载模块:Public

[ 2017-05-19T09:29:55+08:00 ] 127.0.0.1 /Public/Home/js/index/hammer.min.js.map
INFO: [ app_init ] --START--
INFO: Run Behavior\BuildLiteBehavior [ RunTime:0.000056s ]
INFO: [ app_init ] --END-- [ RunTime:0.002768s ]
ERR: 无法加载模块:Public

[ 2017-05-19T09:31:15+08:00 ] 127.0.0.1 /Public/Home/js/index/hammer.min.js.map
INFO: [ app_init ] --START--
INFO: Run Behavior\BuildLiteBehavior [ RunTime:0.000058s ]
INFO: [ app_init ] --END-- [ RunTime:0.001885s ]
ERR: 无法加载模块:Public

[ 2017-05-19T09:31:21+08:00 ] 127.0.0.1 /Public/Home/js/index/hammer.min.js.map
INFO: [ app_init ] --START--
INFO: Run Behavior\BuildLiteBehavior [ RunTime:0.000198s ]
INFO: [ app_init ] --END-- [ RunTime:0.002840s ]
ERR: 无法加载模块:Public

[ 2017-05-19T09:32:57+08:00 ] 127.0.0.1 /Public/Home/js/index/hammer.min.js.map
INFO: [ app_init ] --START--
INFO: Run Behavior\BuildLiteBehavior [ RunTime:0.000628s ]
INFO: [ app_init ] --END-- [ RunTime:0.003682s ]
ERR: 无法加载模块:Public

[ 2017-05-19T09:33:00+08:00 ] 127.0.0.1 /Public/Home/js/index/hammer.min.js.map
INFO: [ app_init ] --START--
INFO: Run Behavior\BuildLiteBehavior [ RunTime:0.002133s ]
INFO: [ app_init ] --END-- [ RunTime:0.005041s ]
ERR: 无法加载模块:Public

[ 2017-05-19T09:33:01+08:00 ] 127.0.0.1 /Public/Home/js/index/hammer.min.js.map
INFO: [ app_init ] --START--
INFO: Run Behavior\BuildLiteBehavior [ RunTime:0.000075s ]
INFO: [ app_init ] --END-- [ RunTime:0.002253s ]
ERR: 无法加载模块:Public

[ 2017-05-19T09:33:05+08:00 ] 127.0.0.1 /Public/Home/js/index/hammer.min.js.map
INFO: [ app_init ] --START--
INFO: Run Behavior\BuildLiteBehavior [ RunTime:0.000109s ]
INFO: [ app_init ] --END-- [ RunTime:0.001959s ]
ERR: 无法加载模块:Public

[ 2017-05-19T09:33:07+08:00 ] 127.0.0.1 /Public/Home/js/index/hammer.min.js.map
INFO: [ app_init ] --START--
INFO: Run Behavior\BuildLiteBehavior [ RunTime:0.000065s ]
INFO: [ app_init ] --END-- [ RunTime:0.002012s ]
ERR: 无法加载模块:Public

[ 2017-05-19T09:33:09+08:00 ] 127.0.0.1 /Public/Home/js/index/hammer.min.js.map
INFO: [ app_init ] --START--
INFO: Run Behavior\BuildLiteBehavior [ RunTime:0.000077s ]
INFO: [ app_init ] --END-- [ RunTime:0.003434s ]
ERR: 无法加载模块:Public

[ 2017-05-19T09:33:10+08:00 ] 127.0.0.1 /Public/Home/js/index/hammer.min.js.map
INFO: [ app_init ] --START--
INFO: Run Behavior\BuildLiteBehavior [ RunTime:0.000053s ]
INFO: [ app_init ] --END-- [ RunTime:0.001740s ]
ERR: 无法加载模块:Public

[ 2017-05-19T09:34:09+08:00 ] 127.0.0.1 /Public/Home/js/index/hammer.min.js.map
INFO: [ app_init ] --START--
INFO: Run Behavior\BuildLiteBehavior [ RunTime:0.000078s ]
INFO: [ app_init ] --END-- [ RunTime:0.003954s ]
ERR: 无法加载模块:Public

[ 2017-05-19T09:34:22+08:00 ] 127.0.0.1 /Public/Home/js/index/hammer.min.js.map
INFO: [ app_init ] --START--
INFO: Run Behavior\BuildLiteBehavior [ RunTime:0.000082s ]
INFO: [ app_init ] --END-- [ RunTime:0.003931s ]
ERR: 无法加载模块:Public

[ 2017-05-19T09:34:25+08:00 ] 127.0.0.1 /Public/Home/js/index/hammer.min.js.map
INFO: [ app_init ] --START--
INFO: Run Behavior\BuildLiteBehavior [ RunTime:0.000072s ]
INFO: [ app_init ] --END-- [ RunTime:0.002901s ]
ERR: 无法加载模块:Public

[ 2017-05-19T09:34:44+08:00 ] 127.0.0.1 /Public/Home/js/index/hammer.min.js.map
INFO: [ app_init ] --START--
INFO: Run Behavior\BuildLiteBehavior [ RunTime:0.000055s ]
INFO: [ app_init ] --END-- [ RunTime:0.001823s ]
ERR: 无法加载模块:Public

[ 2017-05-19T09:42:32+08:00 ] 127.0.0.1 /Public/Home/js/index/hammer.min.js.map
INFO: [ app_init ] --START--
INFO: Run Behavior\BuildLiteBehavior [ RunTime:0.000050s ]
INFO: [ app_init ] --END-- [ RunTime:0.001960s ]
ERR: 无法加载模块:Public

[ 2017-05-19T09:42:45+08:00 ] 127.0.0.1 /Public/Home/js/index/hammer.min.js.map
INFO: [ app_init ] --START--
INFO: Run Behavior\BuildLiteBehavior [ RunTime:0.000058s ]
INFO: [ app_init ] --END-- [ RunTime:0.004850s ]
ERR: 无法加载模块:Public

[ 2017-05-19T09:42:53+08:00 ] 127.0.0.1 /Public/Home/js/index/hammer.min.js.map
INFO: [ app_init ] --START--
INFO: Run Behavior\BuildLiteBehavior [ RunTime:0.000122s ]
INFO: [ app_init ] --END-- [ RunTime:0.003499s ]
ERR: 无法加载模块:Public

[ 2017-05-19T09:42:56+08:00 ] 127.0.0.1 /Public/Home/js/index/hammer.min.js.map
INFO: [ app_init ] --START--
INFO: Run Behavior\BuildLiteBehavior [ RunTime:0.000506s ]
INFO: [ app_init ] --END-- [ RunTime:0.004692s ]
ERR: 无法加载模块:Public

[ 2017-05-19T09:42:58+08:00 ] 127.0.0.1 /Public/Home/js/index/hammer.min.js.map
INFO: [ app_init ] --START--
INFO: Run Behavior\BuildLiteBehavior [ RunTime:0.000061s ]
INFO: [ app_init ] --END-- [ RunTime:0.002471s ]
ERR: 无法加载模块:Public

[ 2017-05-19T09:43:19+08:00 ] 127.0.0.1 /Public/Home/js/index/hammer.min.js.map
INFO: [ app_init ] --START--
INFO: Run Behavior\BuildLiteBehavior [ RunTime:0.000065s ]
INFO: [ app_init ] --END-- [ RunTime:0.002375s ]
ERR: 无法加载模块:Public

[ 2017-05-19T09:54:28+08:00 ] 127.0.0.1 /Public/Home/js/index/hammer.min.js.map
INFO: [ app_init ] --START--
INFO: Run Behavior\BuildLiteBehavior [ RunTime:0.000074s ]
INFO: [ app_init ] --END-- [ RunTime:0.007154s ]
ERR: 无法加载模块:Public

[ 2017-05-19T09:56:06+08:00 ] 127.0.0.1 /Public/Home/js/index/hammer.min.js.map
INFO: [ app_init ] --START--
INFO: Run Behavior\BuildLiteBehavior [ RunTime:0.000066s ]
INFO: [ app_init ] --END-- [ RunTime:0.001870s ]
ERR: 无法加载模块:Public

[ 2017-05-19T09:56:09+08:00 ] 127.0.0.1 /Public/Home/js/index/hammer.min.js.map
INFO: [ app_init ] --START--
INFO: Run Behavior\BuildLiteBehavior [ RunTime:0.000119s ]
INFO: [ app_init ] --END-- [ RunTime:0.003311s ]
ERR: 无法加载模块:Public

[ 2017-05-19T09:56:10+08:00 ] 127.0.0.1 /Public/Home/js/index/hammer.min.js.map
INFO: [ app_init ] --START--
INFO: Run Behavior\BuildLiteBehavior [ RunTime:0.000093s ]
INFO: [ app_init ] --END-- [ RunTime:0.002016s ]
ERR: 无法加载模块:Public

[ 2017-05-19T09:56:12+08:00 ] 127.0.0.1 /Public/Home/js/index/hammer.min.js.map
INFO: [ app_init ] --START--
INFO: Run Behavior\BuildLiteBehavior [ RunTime:0.000065s ]
INFO: [ app_init ] --END-- [ RunTime:0.002360s ]
ERR: 无法加载模块:Public

[ 2017-05-19T09:56:14+08:00 ] 127.0.0.1 /Public/Home/js/index/hammer.min.js.map
INFO: [ app_init ] --START--
INFO: Run Behavior\BuildLiteBehavior [ RunTime:0.000096s ]
INFO: [ app_init ] --END-- [ RunTime:0.003249s ]
ERR: 无法加载模块:Public

[ 2017-05-19T09:56:16+08:00 ] 127.0.0.1 /Public/Home/js/index/hammer.min.js.map
INFO: [ app_init ] --START--
INFO: Run Behavior\BuildLiteBehavior [ RunTime:0.000058s ]
INFO: [ app_init ] --END-- [ RunTime:0.001952s ]
ERR: 无法加载模块:Public

[ 2017-05-19T09:56:18+08:00 ] 127.0.0.1 /Public/Home/js/index/hammer.min.js.map
INFO: [ app_init ] --START--
INFO: Run Behavior\BuildLiteBehavior [ RunTime:0.000073s ]
INFO: [ app_init ] --END-- [ RunTime:0.006026s ]
ERR: 无法加载模块:Public

[ 2017-05-19T09:56:19+08:00 ] 127.0.0.1 /Public/Home/js/index/hammer.min.js.map
INFO: [ app_init ] --START--
INFO: Run Behavior\BuildLiteBehavior [ RunTime:0.000050s ]
INFO: [ app_init ] --END-- [ RunTime:0.001450s ]
ERR: 无法加载模块:Public

[ 2017-05-19T09:56:43+08:00 ] 127.0.0.1 /Public/Home/js/index/hammer.min.js.map
INFO: [ app_init ] --START--
INFO: Run Behavior\BuildLiteBehavior [ RunTime:0.000083s ]
INFO: [ app_init ] --END-- [ RunTime:0.004182s ]
ERR: 无法加载模块:Public

[ 2017-05-19T09:56:46+08:00 ] 127.0.0.1 /Public/Home/js/index/hammer.min.js.map
INFO: [ app_init ] --START--
INFO: Run Behavior\BuildLiteBehavior [ RunTime:0.000102s ]
INFO: [ app_init ] --END-- [ RunTime:0.002909s ]
ERR: 无法加载模块:Public

[ 2017-05-19T09:56:47+08:00 ] 127.0.0.1 /Public/Home/js/index/hammer.min.js.map
INFO: [ app_init ] --START--
INFO: Run Behavior\BuildLiteBehavior [ RunTime:0.000064s ]
INFO: [ app_init ] --END-- [ RunTime:0.002598s ]
ERR: 无法加载模块:Public

[ 2017-05-19T09:56:49+08:00 ] 127.0.0.1 /Public/Home/js/index/hammer.min.js.map
INFO: [ app_init ] --START--
INFO: Run Behavior\BuildLiteBehavior [ RunTime:0.000060s ]
INFO: [ app_init ] --END-- [ RunTime:0.001764s ]
ERR: 无法加载模块:Public

[ 2017-05-19T09:56:53+08:00 ] 127.0.0.1 /Public/Home/js/index/hammer.min.js.map
INFO: [ app_init ] --START--
INFO: Run Behavior\BuildLiteBehavior [ RunTime:0.000075s ]
INFO: [ app_init ] --END-- [ RunTime:0.004226s ]
ERR: 无法加载模块:Public

[ 2017-05-19T09:57:29+08:00 ] 127.0.0.1 /Public/Home/js/index/hammer.min.js.map
INFO: [ app_init ] --START--
INFO: Run Behavior\BuildLiteBehavior [ RunTime:0.000201s ]
INFO: [ app_init ] --END-- [ RunTime:0.002355s ]
ERR: 无法加载模块:Public

[ 2017-05-19T09:58:17+08:00 ] 127.0.0.1 /Public/Home/js/index/hammer.min.js.map
INFO: [ app_init ] --START--
INFO: Run Behavior\BuildLiteBehavior [ RunTime:0.000076s ]
INFO: [ app_init ] --END-- [ RunTime:0.002842s ]
ERR: 无法加载模块:Public

[ 2017-05-19T09:58:42+08:00 ] 127.0.0.1 /Public/Home/js/index/hammer.min.js.map
INFO: [ app_init ] --START--
INFO: Run Behavior\BuildLiteBehavior [ RunTime:0.000075s ]
INFO: [ app_init ] --END-- [ RunTime:0.002201s ]
ERR: 无法加载模块:Public

[ 2017-05-19T09:58:54+08:00 ] 127.0.0.1 /Public/Home/js/index/hammer.min.js.map
INFO: [ app_init ] --START--
INFO: Run Behavior\BuildLiteBehavior [ RunTime:0.000059s ]
INFO: [ app_init ] --END-- [ RunTime:0.001768s ]
ERR: 无法加载模块:Public

[ 2017-05-19T09:59:04+08:00 ] 127.0.0.1 /Public/Home/js/index/hammer.min.js.map
INFO: [ app_init ] --START--
INFO: Run Behavior\BuildLiteBehavior [ RunTime:0.000072s ]
INFO: [ app_init ] --END-- [ RunTime:0.002156s ]
ERR: 无法加载模块:Public

[ 2017-05-19T09:59:08+08:00 ] 127.0.0.1 /Public/Home/js/index/hammer.min.js.map
INFO: [ app_init ] --START--
INFO: Run Behavior\BuildLiteBehavior [ RunTime:0.000073s ]
INFO: [ app_init ] --END-- [ RunTime:0.002751s ]
ERR: 无法加载模块:Public

[ 2017-05-19T09:59:17+08:00 ] 127.0.0.1 /Public/Home/js/index/hammer.min.js.map
INFO: [ app_init ] --START--
INFO: Run Behavior\BuildLiteBehavior [ RunTime:0.000067s ]
INFO: [ app_init ] --END-- [ RunTime:0.002076s ]
ERR: 无法加载模块:Public

[ 2017-05-19T09:59:20+08:00 ] 127.0.0.1 /Public/Home/js/index/hammer.min.js.map
INFO: [ app_init ] --START--
INFO: Run Behavior\BuildLiteBehavior [ RunTime:0.000069s ]
INFO: [ app_init ] --END-- [ RunTime:0.003265s ]
ERR: 无法加载模块:Public

[ 2017-05-19T09:59:25+08:00 ] 127.0.0.1 /Public/Home/js/index/hammer.min.js.map
INFO: [ app_init ] --START--
INFO: Run Behavior\BuildLiteBehavior [ RunTime:0.000285s ]
INFO: [ app_init ] --END-- [ RunTime:0.002433s ]
ERR: 无法加载模块:Public

[ 2017-05-19T09:59:56+08:00 ] 127.0.0.1 /Public/Home/js/index/hammer.min.js.map
INFO: [ app_init ] --START--
INFO: Run Behavior\BuildLiteBehavior [ RunTime:0.000081s ]
INFO: [ app_init ] --END-- [ RunTime:0.004126s ]
ERR: 无法加载模块:Public

[ 2017-05-19T10:03:19+08:00 ] 127.0.0.1 /Public/Home/js/index/hammer.min.js.map
INFO: [ app_init ] --START--
INFO: Run Behavior\BuildLiteBehavior [ RunTime:0.000067s ]
INFO: [ app_init ] --END-- [ RunTime:0.009920s ]
ERR: 无法加载模块:Public

[ 2017-05-19T10:04:34+08:00 ] 127.0.0.1 /Public/Home/js/index/hammer.min.js.map
INFO: [ app_init ] --START--
INFO: Run Behavior\BuildLiteBehavior [ RunTime:0.000081s ]
INFO: [ app_init ] --END-- [ RunTime:0.004935s ]
ERR: 无法加载模块:Public

[ 2017-05-19T10:06:37+08:00 ] 127.0.0.1 /Public/Home/js/index/hammer.min.js.map
INFO: [ app_init ] --START--
INFO: Run Behavior\BuildLiteBehavior [ RunTime:0.000505s ]
INFO: [ app_init ] --END-- [ RunTime:0.004097s ]
ERR: 无法加载模块:Public

[ 2017-05-19T10:07:58+08:00 ] 127.0.0.1 /Public/Home/js/index/hammer.min.js.map
INFO: [ app_init ] --START--
INFO: Run Behavior\BuildLiteBehavior [ RunTime:0.000069s ]
INFO: [ app_init ] --END-- [ RunTime:0.001903s ]
ERR: 无法加载模块:Public

[ 2017-05-19T10:08:12+08:00 ] 127.0.0.1 /Public/Home/js/index/hammer.min.js.map
INFO: [ app_init ] --START--
INFO: Run Behavior\BuildLiteBehavior [ RunTime:0.000144s ]
INFO: [ app_init ] --END-- [ RunTime:0.003337s ]
ERR: 无法加载模块:Public

[ 2017-05-19T10:08:13+08:00 ] 127.0.0.1 /Public/Home/js/index/hammer.min.js.map
INFO: [ app_init ] --START--
INFO: Run Behavior\BuildLiteBehavior [ RunTime:0.000058s ]
INFO: [ app_init ] --END-- [ RunTime:0.001795s ]
ERR: 无法加载模块:Public

[ 2017-05-19T10:08:14+08:00 ] 127.0.0.1 /Public/Home/js/index/hammer.min.js.map
INFO: [ app_init ] --START--
INFO: Run Behavior\BuildLiteBehavior [ RunTime:0.000044s ]
INFO: [ app_init ] --END-- [ RunTime:0.001372s ]
ERR: 无法加载模块:Public

[ 2017-05-19T10:08:17+08:00 ] 127.0.0.1 /Public/Home/js/index/hammer.min.js.map
INFO: [ app_init ] --START--
INFO: Run Behavior\BuildLiteBehavior [ RunTime:0.000071s ]
INFO: [ app_init ] --END-- [ RunTime:0.007125s ]
ERR: 无法加载模块:Public

[ 2017-05-19T10:08:19+08:00 ] 127.0.0.1 /Public/Home/js/index/hammer.min.js.map
INFO: [ app_init ] --START--
INFO: Run Behavior\BuildLiteBehavior [ RunTime:0.000058s ]
INFO: [ app_init ] --END-- [ RunTime:0.001737s ]
ERR: 无法加载模块:Public

[ 2017-05-19T10:08:38+08:00 ] 127.0.0.1 /Public/Home/js/index/hammer.min.js.map
INFO: [ app_init ] --START--
INFO: Run Behavior\BuildLiteBehavior [ RunTime:0.000055s ]
INFO: [ app_init ] --END-- [ RunTime:0.003512s ]
ERR: 无法加载模块:Public

[ 2017-05-19T10:09:03+08:00 ] 127.0.0.1 /Public/Home/js/index/hammer.min.js.map
INFO: [ app_init ] --START--
INFO: Run Behavior\BuildLiteBehavior [ RunTime:0.000074s ]
INFO: [ app_init ] --END-- [ RunTime:0.002728s ]
ERR: 无法加载模块:Public

[ 2017-05-19T10:09:29+08:00 ] 127.0.0.1 /Public/Home/js/index/hammer.min.js.map
INFO: [ app_init ] --START--
INFO: Run Behavior\BuildLiteBehavior [ RunTime:0.000054s ]
INFO: [ app_init ] --END-- [ RunTime:0.014019s ]
ERR: 无法加载模块:Public

[ 2017-05-19T10:30:39+08:00 ] 127.0.0.1 /Public/Home/js/index/hammer.min.js.map
INFO: [ app_init ] --START--
INFO: Run Behavior\BuildLiteBehavior [ RunTime:0.000053s ]
INFO: [ app_init ] --END-- [ RunTime:0.002500s ]
ERR: 无法加载模块:Public

[ 2017-05-19T10:30:41+08:00 ] 127.0.0.1 /Public/Home/js/index/hammer.min.js.map
INFO: [ app_init ] --START--
INFO: Run Behavior\BuildLiteBehavior [ RunTime:0.000053s ]
INFO: [ app_init ] --END-- [ RunTime:0.001600s ]
ERR: 无法加载模块:Public

[ 2017-05-19T10:30:43+08:00 ] 127.0.0.1 /Public/Home/js/index/hammer.min.js.map
INFO: [ app_init ] --START--
INFO: Run Behavior\BuildLiteBehavior [ RunTime:0.000082s ]
INFO: [ app_init ] --END-- [ RunTime:0.002580s ]
ERR: 无法加载模块:Public

[ 2017-05-19T10:30:48+08:00 ] 127.0.0.1 /Public/Home/js/index/hammer.min.js.map
INFO: [ app_init ] --START--
INFO: Run Behavior\BuildLiteBehavior [ RunTime:0.000073s ]
INFO: [ app_init ] --END-- [ RunTime:0.003679s ]
ERR: 无法加载模块:Public

[ 2017-05-19T10:30:49+08:00 ] 127.0.0.1 /Public/Home/js/index/hammer.min.js.map
INFO: [ app_init ] --START--
INFO: Run Behavior\BuildLiteBehavior [ RunTime:0.000072s ]
INFO: [ app_init ] --END-- [ RunTime:0.002514s ]
ERR: 无法加载模块:Public

[ 2017-05-19T10:30:52+08:00 ] 127.0.0.1 /Public/Home/js/index/hammer.min.js.map
INFO: [ app_init ] --START--
INFO: Run Behavior\BuildLiteBehavior [ RunTime:0.000055s ]
INFO: [ app_init ] --END-- [ RunTime:0.001713s ]
ERR: 无法加载模块:Public

[ 2017-05-19T10:30:53+08:00 ] 127.0.0.1 /Public/Home/js/index/hammer.min.js.map
INFO: [ app_init ] --START--
INFO: Run Behavior\BuildLiteBehavior [ RunTime:0.000060s ]
INFO: [ app_init ] --END-- [ RunTime:0.004080s ]
ERR: 无法加载模块:Public

[ 2017-05-19T10:32:36+08:00 ] 127.0.0.1 /Public/Home/js/index/hammer.min.js.map
INFO: [ app_init ] --START--
INFO: Run Behavior\BuildLiteBehavior [ RunTime:0.000067s ]
INFO: [ app_init ] --END-- [ RunTime:0.003869s ]
ERR: 无法加载模块:Public

[ 2017-05-19T10:32:46+08:00 ] 127.0.0.1 /Public/Home/js/index/hammer.min.js.map
INFO: [ app_init ] --START--
INFO: Run Behavior\BuildLiteBehavior [ RunTime:0.000113s ]
INFO: [ app_init ] --END-- [ RunTime:0.003806s ]
ERR: 无法加载模块:Public

[ 2017-05-19T10:33:16+08:00 ] 127.0.0.1 /Public/Home/js/index/hammer.min.js.map
INFO: [ app_init ] --START--
INFO: Run Behavior\BuildLiteBehavior [ RunTime:0.000075s ]
INFO: [ app_init ] --END-- [ RunTime:0.005906s ]
ERR: 无法加载模块:Public

[ 2017-05-19T10:33:23+08:00 ] 127.0.0.1 /Public/Home/js/index/hammer.min.js.map
INFO: [ app_init ] --START--
INFO: Run Behavior\BuildLiteBehavior [ RunTime:0.000063s ]
INFO: [ app_init ] --END-- [ RunTime:0.002073s ]
ERR: 无法加载模块:Public

[ 2017-05-19T10:33:24+08:00 ] 127.0.0.1 /Public/Home/js/index/hammer.min.js.map
INFO: [ app_init ] --START--
INFO: Run Behavior\BuildLiteBehavior [ RunTime:0.000044s ]
INFO: [ app_init ] --END-- [ RunTime:0.001358s ]
ERR: 无法加载模块:Public

[ 2017-05-19T10:33:31+08:00 ] 127.0.0.1 /Public/Home/js/index/hammer.min.js.map
INFO: [ app_init ] --START--
INFO: Run Behavior\BuildLiteBehavior [ RunTime:0.000057s ]
INFO: [ app_init ] --END-- [ RunTime:0.001802s ]
ERR: 无法加载模块:Public

[ 2017-05-19T10:33:35+08:00 ] 127.0.0.1 /Public/Home/js/index/hammer.min.js.map
INFO: [ app_init ] --START--
INFO: Run Behavior\BuildLiteBehavior [ RunTime:0.000077s ]
INFO: [ app_init ] --END-- [ RunTime:0.004716s ]
ERR: 无法加载模块:Public

[ 2017-05-19T10:34:23+08:00 ] 127.0.0.1 /Public/Home/js/index/hammer.min.js.map
INFO: [ app_init ] --START--
INFO: Run Behavior\BuildLiteBehavior [ RunTime:0.004098s ]
INFO: [ app_init ] --END-- [ RunTime:0.005603s ]
ERR: 无法加载模块:Public

[ 2017-05-19T10:34:28+08:00 ] 127.0.0.1 /Public/Home/js/index/hammer.min.js.map
INFO: [ app_init ] --START--
INFO: Run Behavior\BuildLiteBehavior [ RunTime:0.000097s ]
INFO: [ app_init ] --END-- [ RunTime:0.002313s ]
ERR: 无法加载模块:Public

[ 2017-05-19T10:35:42+08:00 ] 127.0.0.1 /Public/Home/js/index/hammer.min.js.map
INFO: [ app_init ] --START--
INFO: Run Behavior\BuildLiteBehavior [ RunTime:0.000041s ]
INFO: [ app_init ] --END-- [ RunTime:0.001314s ]
ERR: 无法加载模块:Public

[ 2017-05-19T10:36:03+08:00 ] 127.0.0.1 /Public/Home/js/index/hammer.min.js.map
INFO: [ app_init ] --START--
INFO: Run Behavior\BuildLiteBehavior [ RunTime:0.000050s ]
INFO: [ app_init ] --END-- [ RunTime:0.001451s ]
ERR: 无法加载模块:Public

[ 2017-05-19T10:37:29+08:00 ] 127.0.0.1 /Public/Home/js/index/hammer.min.js.map
INFO: [ app_init ] --START--
INFO: Run Behavior\BuildLiteBehavior [ RunTime:0.000071s ]
INFO: [ app_init ] --END-- [ RunTime:0.002633s ]
ERR: 无法加载模块:Public

[ 2017-05-19T10:37:57+08:00 ] 127.0.0.1 /Public/Home/js/index/hammer.min.js.map
INFO: [ app_init ] --START--
INFO: Run Behavior\BuildLiteBehavior [ RunTime:0.000040s ]
INFO: [ app_init ] --END-- [ RunTime:0.001307s ]
ERR: 无法加载模块:Public

[ 2017-05-19T10:39:45+08:00 ] 127.0.0.1 /Public/Home/js/index/hammer.min.js.map
INFO: [ app_init ] --START--
INFO: Run Behavior\BuildLiteBehavior [ RunTime:0.000076s ]
INFO: [ app_init ] --END-- [ RunTime:0.004383s ]
ERR: 无法加载模块:Public

[ 2017-05-19T11:03:50+08:00 ] 127.0.0.1 /Public/Home/js/index/hammer.min.js.map
INFO: [ app_init ] --START--
INFO: Run Behavior\BuildLiteBehavior [ RunTime:0.000106s ]
INFO: [ app_init ] --END-- [ RunTime:0.003693s ]
ERR: 无法加载模块:Public

[ 2017-05-19T11:15:36+08:00 ] 127.0.0.1 /Public/Home/js/index/hammer.min.js.map
INFO: [ app_init ] --START--
INFO: Run Behavior\BuildLiteBehavior [ RunTime:0.000047s ]
INFO: [ app_init ] --END-- [ RunTime:0.001227s ]
=======
[ 2017-05-19T10:46:32+08:00 ] 127.0.0.1 /four/Public/home/img/xianyu/match_no_more.png
INFO: [ app_init ] --START--
INFO: Run Behavior\BuildLiteBehavior [ RunTime:0.000000s ]
INFO: [ app_init ] --END-- [ RunTime:0.001000s ]
ERR: 无法加载模块:Public

[ 2017-05-19T10:47:25+08:00 ] 127.0.0.1 /four/Public/home/img/xianyu/match_no_more.png
INFO: [ app_init ] --START--
INFO: Run Behavior\BuildLiteBehavior [ RunTime:0.000000s ]
INFO: [ app_init ] --END-- [ RunTime:0.001001s ]
ERR: 无法加载模块:Public

[ 2017-05-19T10:47:26+08:00 ] 127.0.0.1 /four/Public/home/img/xianyu/match_no_more.png
INFO: [ app_init ] --START--
INFO: Run Behavior\BuildLiteBehavior [ RunTime:0.000000s ]
INFO: [ app_init ] --END-- [ RunTime:0.000000s ]
ERR: 无法加载模块:Public

[ 2017-05-19T10:49:52+08:00 ] 127.0.0.1 /four/Public/home/img/xianyu/match_no_more.png
INFO: [ app_init ] --START--
INFO: Run Behavior\BuildLiteBehavior [ RunTime:0.000000s ]
INFO: [ app_init ] --END-- [ RunTime:0.001000s ]
>>>>>>> origin/master
ERR: 无法加载模块:Public

[ 2017-05-19T11:43:43+08:00 ] 127.0.0.1 /Public/static/js/index/index.js
INFO: [ app_init ] --START--
INFO: Run Behavior\BuildLiteBehavior [ RunTime:0.000065s ]
INFO: [ app_init ] --END-- [ RunTime:0.003886s ]
ERR: 无法加载模块:Public

[ 2017-05-19T11:43:43+08:00 ] 127.0.0.1 /Public/static/js/index/hammer.js
INFO: [ app_init ] --START--
INFO: Run Behavior\BuildLiteBehavior [ RunTime:0.000076s ]
INFO: [ app_init ] --END-- [ RunTime:0.002872s ]
ERR: 无法加载模块:Public

[ 2017-05-19T11:44:05+08:00 ] 127.0.0.1 /Public/Home/js/index/hammer.min.js.map
INFO: [ app_init ] --START--
INFO: Run Behavior\BuildLiteBehavior [ RunTime:0.000063s ]
INFO: [ app_init ] --END-- [ RunTime:0.002215s ]
ERR: 无法加载模块:Public

[ 2017-05-19T11:44:12+08:00 ] 127.0.0.1 /Public/Home/js/index/hammer.min.js.map
INFO: [ app_init ] --START--
INFO: Run Behavior\BuildLiteBehavior [ RunTime:0.000060s ]
INFO: [ app_init ] --END-- [ RunTime:0.001989s ]
ERR: 无法加载模块:Public

[ 2017-05-19T11:45:37+08:00 ] 127.0.0.1 /Public/Home/js/index/hammer.min.js.map
INFO: [ app_init ] --START--
INFO: Run Behavior\BuildLiteBehavior [ RunTime:0.000044s ]
INFO: [ app_init ] --END-- [ RunTime:0.001473s ]
ERR: 无法加载模块:Public

