[ 2017-05-18T14:46:24+08:00 ] 127.0.0.1 /four/public/admin/images/login/logo.png
INFO: [ app_init ] --START--
INFO: Run Behavior\BuildLiteBehavior [ RunTime:0.000000s ]
INFO: [ app_init ] --END-- [ RunTime:0.001000s ]
ERR: 无法加载模块:Public

[ 2017-05-18T14:46:24+08:00 ] 127.0.0.1 /four/public/admin/images/login/yzm.png
INFO: [ app_init ] --START--
INFO: Run Behavior\BuildLiteBehavior [ RunTime:0.000000s ]
INFO: [ app_init ] --END-- [ RunTime:0.001000s ]
ERR: 无法加载模块:Public

[ 2017-05-18T14:46:24+08:00 ] 127.0.0.1 /four/Public/admin/images/login/login_bgx.gif
INFO: [ app_init ] --START--
INFO: Run Behavior\BuildLiteBehavior [ RunTime:0.000000s ]
INFO: [ app_init ] --END-- [ RunTime:0.001000s ]
ERR: 无法加载模块:Public

[ 2017-05-18T14:46:24+08:00 ] 127.0.0.1 /four/Public/admin/images/login/login_m_bg.png
INFO: [ app_init ] --START--
INFO: Run Behavior\BuildLiteBehavior [ RunTime:0.000000s ]
INFO: [ app_init ] --END-- [ RunTime:0.001000s ]
ERR: 无法加载模块:Public

[ 2017-05-18T14:46:24+08:00 ] 127.0.0.1 /four/Public/admin/images/txt_input_bg.gif
INFO: [ app_init ] --START--
INFO: Run Behavior\BuildLiteBehavior [ RunTime:0.000000s ]
INFO: [ app_init ] --END-- [ RunTime:0.001000s ]
ERR: 无法加载模块:Public

[ 2017-05-18T14:46:24+08:00 ] 127.0.0.1 /four/Public/admin/images/login/site_bg.png
INFO: [ app_init ] --START--
INFO: Run Behavior\BuildLiteBehavior [ RunTime:0.000000s ]
INFO: [ app_init ] --END-- [ RunTime:0.001000s ]
ERR: 无法加载模块:Public

[ 2017-05-18T14:54:42+08:00 ] 127.0.0.1 /four/Public/admin/img/login/login/yzm.png
INFO: [ app_init ] --START--
INFO: Run Behavior\BuildLiteBehavior [ RunTime:0.000000s ]
INFO: [ app_init ] --END-- [ RunTime:0.001000s ]
ERR: 无法加载模块:Public

[ 2017-05-18T14:54:42+08:00 ] 127.0.0.1 /four/Public/admin/images/login/login_bgx.gif
INFO: [ app_init ] --START--
INFO: Run Behavior\BuildLiteBehavior [ RunTime:0.000000s ]
INFO: [ app_init ] --END-- [ RunTime:0.000000s ]
ERR: 无法加载模块:Public

[ 2017-05-18T14:54:42+08:00 ] 127.0.0.1 /four/Public/admin/images/login/login_m_bg.png
INFO: [ app_init ] --START--
INFO: Run Behavior\BuildLiteBehavior [ RunTime:0.000000s ]
INFO: [ app_init ] --END-- [ RunTime:0.000000s ]
ERR: 无法加载模块:Public

[ 2017-05-18T14:54:42+08:00 ] 127.0.0.1 /four/Public/admin/images/txt_input_bg.gif
INFO: [ app_init ] --START--
INFO: Run Behavior\BuildLiteBehavior [ RunTime:0.000000s ]
INFO: [ app_init ] --END-- [ RunTime:0.001000s ]
ERR: 无法加载模块:Public

[ 2017-05-18T14:54:42+08:00 ] 127.0.0.1 /four/Public/admin/images/login/site_bg.png
INFO: [ app_init ] --START--
INFO: Run Behavior\BuildLiteBehavior [ RunTime:0.000000s ]
INFO: [ app_init ] --END-- [ RunTime:0.000000s ]
ERR: 无法加载模块:Public

[ 2017-05-18T14:56:21+08:00 ] 127.0.0.1 /four/Public/admin/img/login/login/yzm.png
INFO: [ app_init ] --START--
INFO: Run Behavior\BuildLiteBehavior [ RunTime:0.000000s ]
INFO: [ app_init ] --END-- [ RunTime:0.001001s ]
ERR: 无法加载模块:Public

[ 2017-05-18T14:56:21+08:00 ] 127.0.0.1 /four/Public/admin/images/login/login_m_bg.png
INFO: [ app_init ] --START--
INFO: Run Behavior\BuildLiteBehavior [ RunTime:0.000000s ]
INFO: [ app_init ] --END-- [ RunTime:0.001000s ]
ERR: 无法加载模块:Public

[ 2017-05-18T14:56:21+08:00 ] 127.0.0.1 /four/Public/admin/images/login/login_bgx.gif
INFO: [ app_init ] --START--
INFO: Run Behavior\BuildLiteBehavior [ RunTime:0.000000s ]
INFO: [ app_init ] --END-- [ RunTime:0.001000s ]
ERR: 无法加载模块:Public

[ 2017-05-18T14:56:21+08:00 ] 127.0.0.1 /four/Public/admin/images/txt_input_bg.gif
INFO: [ app_init ] --START--
INFO: Run Behavior\BuildLiteBehavior [ RunTime:0.000000s ]
INFO: [ app_init ] --END-- [ RunTime:0.000000s ]
ERR: 无法加载模块:Public

[ 2017-05-18T14:56:21+08:00 ] 127.0.0.1 /four/Public/admin/images/login/site_bg.png
INFO: [ app_init ] --START--
INFO: Run Behavior\BuildLiteBehavior [ RunTime:0.000000s ]
INFO: [ app_init ] --END-- [ RunTime:0.001000s ]
ERR: 无法加载模块:Public

[ 2017-05-18T14:56:22+08:00 ] 127.0.0.1 /four/Public/admin/img/login/login/yzm.png
INFO: [ app_init ] --START--
INFO: Run Behavior\BuildLiteBehavior [ RunTime:0.000000s ]
INFO: [ app_init ] --END-- [ RunTime:0.000000s ]
ERR: 无法加载模块:Public

[ 2017-05-18T14:56:23+08:00 ] 127.0.0.1 /four/Public/admin/img/login/login/yzm.png
INFO: [ app_init ] --START--
INFO: Run Behavior\BuildLiteBehavior [ RunTime:0.000000s ]
INFO: [ app_init ] --END-- [ RunTime:0.001000s ]
ERR: 无法加载模块:Public

[ 2017-05-18T14:57:16+08:00 ] 127.0.0.1 /four/Public/admin/img/login/login/yzm.png
INFO: [ app_init ] --START--
INFO: Run Behavior\BuildLiteBehavior [ RunTime:0.000000s ]
INFO: [ app_init ] --END-- [ RunTime:0.001000s ]
ERR: 无法加载模块:Public

[ 2017-05-18T14:57:38+08:00 ] 127.0.0.1 /four/Public/admin/img/login/login/yzm.png
INFO: [ app_init ] --START--
INFO: Run Behavior\BuildLiteBehavior [ RunTime:0.000000s ]
INFO: [ app_init ] --END-- [ RunTime:0.001000s ]
ERR: 无法加载模块:Public

[ 2017-05-18T15:00:48+08:00 ] 127.0.0.1 /four/Public/admin/img/login/login/yzm.png
INFO: [ app_init ] --START--
INFO: Run Behavior\BuildLiteBehavior [ RunTime:0.000000s ]
INFO: [ app_init ] --END-- [ RunTime:0.000000s ]
ERR: 无法加载模块:Public

[ 2017-05-18T15:00:48+08:00 ] 127.0.0.1 /four/Public/admin/img/txt_input_bg.gif
INFO: [ app_init ] --START--
INFO: Run Behavior\BuildLiteBehavior [ RunTime:0.000000s ]
INFO: [ app_init ] --END-- [ RunTime:0.001000s ]
ERR: 无法加载模块:Public

[ 2017-05-18T15:43:49+08:00 ] 127.0.0.1 /four/Public/Home/css/login/css/fonts/font-awesome.min.css
INFO: [ app_init ] --START--
INFO: Run Behavior\BuildLiteBehavior [ RunTime:0.000000s ]
INFO: [ app_init ] --END-- [ RunTime:0.000000s ]
ERR: 无法加载模块:Public

[ 2017-05-18T15:43:49+08:00 ] 127.0.0.1 /four/Public/Home/css/login/icons/icon-left.png
INFO: [ app_init ] --START--
INFO: Run Behavior\BuildLiteBehavior [ RunTime:0.001000s ]
INFO: [ app_init ] --END-- [ RunTime:0.001000s ]
ERR: 无法加载模块:Public

[ 2017-05-18T15:53:59+08:00 ] 127.0.0.1 /four/Public/Home/css/login/css/fonts/font-awesome.min.css
INFO: [ app_init ] --START--
INFO: Run Behavior\BuildLiteBehavior [ RunTime:0.000000s ]
INFO: [ app_init ] --END-- [ RunTime:0.000000s ]
ERR: 无法加载模块:Public

[ 2017-05-18T15:53:59+08:00 ] 127.0.0.1 /four/Public/Home/css/login/icons/icon-left.png
INFO: [ app_init ] --START--
INFO: Run Behavior\BuildLiteBehavior [ RunTime:0.000000s ]
INFO: [ app_init ] --END-- [ RunTime:0.001000s ]
ERR: 无法加载模块:Public

[ 2017-05-18T15:54:34+08:00 ] 127.0.0.1 /four/Public/admin/img/login/login/yzm.png
INFO: [ app_init ] --START--
INFO: Run Behavior\BuildLiteBehavior [ RunTime:0.000000s ]
INFO: [ app_init ] --END-- [ RunTime:0.001000s ]
ERR: 无法加载模块:Public

[ 2017-05-18T15:54:34+08:00 ] 127.0.0.1 /four/Public/admin/img/txt_input_bg.gif
INFO: [ app_init ] --START--
INFO: Run Behavior\BuildLiteBehavior [ RunTime:0.000000s ]
INFO: [ app_init ] --END-- [ RunTime:0.001000s ]
ERR: 无法加载模块:Public

[ 2017-05-18T15:54:49+08:00 ] 127.0.0.1 /four/Public/Home/css/login/css/fonts/font-awesome.min.css
INFO: [ app_init ] --START--
INFO: Run Behavior\BuildLiteBehavior [ RunTime:0.000000s ]
INFO: [ app_init ] --END-- [ RunTime:0.001000s ]
ERR: 无法加载模块:Public

[ 2017-05-18T15:54:49+08:00 ] 127.0.0.1 /four/Public/Home/css/login/icons/icon-left.png
INFO: [ app_init ] --START--
INFO: Run Behavior\BuildLiteBehavior [ RunTime:0.000000s ]
INFO: [ app_init ] --END-- [ RunTime:0.001000s ]
ERR: 无法加载模块:Public

[ 2017-05-18T15:57:04+08:00 ] 127.0.0.1 /four/Public/Home/css/login/css/fonts/font-awesome.min.css
INFO: [ app_init ] --START--
INFO: Run Behavior\BuildLiteBehavior [ RunTime:0.000000s ]
INFO: [ app_init ] --END-- [ RunTime:0.000000s ]
ERR: 无法加载模块:Public

[ 2017-05-18T16:25:42+08:00 ] 127.0.0.1 /four/Public/Home/css/static/appcan/login.css
INFO: [ app_init ] --START--
INFO: Run Behavior\BuildLiteBehavior [ RunTime:0.000000s ]
INFO: [ app_init ] --END-- [ RunTime:0.001000s ]
ERR: 无法加载模块:Public

[ 2017-05-18T16:25:42+08:00 ] 127.0.0.1 /four/Public/Home/css/static/appcan/icons/icon-left.png
INFO: [ app_init ] --START--
INFO: Run Behavior\BuildLiteBehavior [ RunTime:0.001000s ]
INFO: [ app_init ] --END-- [ RunTime:0.001000s ]
ERR: 无法加载模块:Public

[ 2017-05-18T16:25:56+08:00 ] 127.0.0.1 /four/Public/Home/css/static/appcan/login.css
INFO: [ app_init ] --START--
INFO: Run Behavior\BuildLiteBehavior [ RunTime:0.000000s ]
INFO: [ app_init ] --END-- [ RunTime:0.001000s ]
ERR: 无法加载模块:Public

[ 2017-05-18T16:26:14+08:00 ] 127.0.0.1 /four/Public/Home/css/login.css
INFO: [ app_init ] --START--
INFO: Run Behavior\BuildLiteBehavior [ RunTime:0.000000s ]
INFO: [ app_init ] --END-- [ RunTime:0.001000s ]
ERR: 无法加载模块:Public

[ 2017-05-18T16:26:31+08:00 ] 127.0.0.1 /four/Public/admin/img/login/login/yzm.png
INFO: [ app_init ] --START--
INFO: Run Behavior\BuildLiteBehavior [ RunTime:0.000000s ]
INFO: [ app_init ] --END-- [ RunTime:0.000000s ]
ERR: 无法加载模块:Public

[ 2017-05-18T16:26:31+08:00 ] 127.0.0.1 /four/Public/admin/img/txt_input_bg.gif
INFO: [ app_init ] --START--
INFO: Run Behavior\BuildLiteBehavior [ RunTime:0.000000s ]
INFO: [ app_init ] --END-- [ RunTime:0.001000s ]
ERR: 无法加载模块:Public

[ 2017-05-18T16:26:35+08:00 ] 127.0.0.1 /four/Public/Home/css/login.css
INFO: [ app_init ] --START--
INFO: Run Behavior\BuildLiteBehavior [ RunTime:0.000000s ]
INFO: [ app_init ] --END-- [ RunTime:0.000000s ]
ERR: 无法加载模块:Public

[ 2017-05-18T16:26:35+08:00 ] 127.0.0.1 /four/Public/Home/css/static/appcan/icons/icon-left.png
INFO: [ app_init ] --START--
INFO: Run Behavior\BuildLiteBehavior [ RunTime:0.000000s ]
INFO: [ app_init ] --END-- [ RunTime:0.001000s ]
ERR: 无法加载模块:Public

[ 2017-05-18T16:26:48+08:00 ] 127.0.0.1 /four/Public/Home/css/static/appcan/icons/icon-left.png
INFO: [ app_init ] --START--
INFO: Run Behavior\BuildLiteBehavior [ RunTime:0.000000s ]
INFO: [ app_init ] --END-- [ RunTime:0.001000s ]
ERR: 无法加载模块:Public

[ 2017-05-18T16:28:32+08:00 ] 127.0.0.1 /four/aaa/css/myImg/myImg5.png
INFO: [ app_init ] --START--
INFO: Run Behavior\BuildLiteBehavior [ RunTime:0.000000s ]
INFO: [ app_init ] --END-- [ RunTime:0.001000s ]
ERR: 无法加载模块:Aaa

[ 2017-05-18T16:28:32+08:00 ] 127.0.0.1 /four/aaa/css/myImg/myImg4.png
INFO: [ app_init ] --START--
INFO: Run Behavior\BuildLiteBehavior [ RunTime:0.000000s ]
INFO: [ app_init ] --END-- [ RunTime:0.001000s ]
ERR: 无法加载模块:Aaa

[ 2017-05-18T16:28:32+08:00 ] 127.0.0.1 /four/aaa/css/myImg/myImg2.png
INFO: [ app_init ] --START--
INFO: Run Behavior\BuildLiteBehavior [ RunTime:0.000000s ]
INFO: [ app_init ] --END-- [ RunTime:0.001000s ]
ERR: 无法加载模块:Aaa

[ 2017-05-18T16:28:32+08:00 ] 127.0.0.1 /four/aaa/css/myImg/myImg6.png
INFO: [ app_init ] --START--
INFO: Run Behavior\BuildLiteBehavior [ RunTime:0.000000s ]
INFO: [ app_init ] --END-- [ RunTime:0.001000s ]
ERR: 无法加载模块:Aaa

[ 2017-05-18T16:28:32+08:00 ] 127.0.0.1 /four/aaa/css/myImg/myImg3.png
INFO: [ app_init ] --START--
INFO: Run Behavior\BuildLiteBehavior [ RunTime:0.000000s ]
INFO: [ app_init ] --END-- [ RunTime:0.000000s ]
ERR: 无法加载模块:Aaa

[ 2017-05-18T16:28:32+08:00 ] 127.0.0.1 /four/aaa/css/myImg/myImg1.png
INFO: [ app_init ] --START--
INFO: Run Behavior\BuildLiteBehavior [ RunTime:0.000000s ]
INFO: [ app_init ] --END-- [ RunTime:0.000000s ]
ERR: 无法加载模块:Aaa

[ 2017-05-18T16:29:08+08:00 ] 127.0.0.1 /four/aaa/css/myImg/myImg2.png
INFO: [ app_init ] --START--
INFO: Run Behavior\BuildLiteBehavior [ RunTime:0.001000s ]
INFO: [ app_init ] --END-- [ RunTime:0.001000s ]
ERR: 无法加载模块:Aaa

[ 2017-05-18T16:29:08+08:00 ] 127.0.0.1 /four/aaa/css/myImg/myImg5.png
INFO: [ app_init ] --START--
INFO: Run Behavior\BuildLiteBehavior [ RunTime:0.000000s ]
INFO: [ app_init ] --END-- [ RunTime:0.001000s ]
ERR: 无法加载模块:Aaa

[ 2017-05-18T16:29:08+08:00 ] 127.0.0.1 /four/aaa/css/myImg/myImg1.png
INFO: [ app_init ] --START--
INFO: Run Behavior\BuildLiteBehavior [ RunTime:0.000000s ]
INFO: [ app_init ] --END-- [ RunTime:0.001000s ]
ERR: 无法加载模块:Aaa

[ 2017-05-18T16:29:08+08:00 ] 127.0.0.1 /four/aaa/css/myImg/myImg4.png
INFO: [ app_init ] --START--
INFO: Run Behavior\BuildLiteBehavior [ RunTime:0.000000s ]
INFO: [ app_init ] --END-- [ RunTime:0.001000s ]
ERR: 无法加载模块:Aaa

[ 2017-05-18T16:29:08+08:00 ] 127.0.0.1 /four/aaa/css/myImg/myImg6.png
INFO: [ app_init ] --START--
INFO: Run Behavior\BuildLiteBehavior [ RunTime:0.000000s ]
INFO: [ app_init ] --END-- [ RunTime:0.001000s ]
ERR: 无法加载模块:Aaa

[ 2017-05-18T16:29:08+08:00 ] 127.0.0.1 /four/aaa/css/myImg/myImg3.png
INFO: [ app_init ] --START--
INFO: Run Behavior\BuildLiteBehavior [ RunTime:0.000000s ]
INFO: [ app_init ] --END-- [ RunTime:0.001000s ]
ERR: 无法加载模块:Aaa

[ 2017-05-18T19:17:00+08:00 ] 127.0.0.1 /wp-content/uploads/2014/07/slide1.png
INFO: [ app_init ] --START--
INFO: Run Behavior\BuildLiteBehavior [ RunTime:0.000046s ]
INFO: [ app_init ] --END-- [ RunTime:0.001765s ]
ERR: 无法加载模块:Wp-content

[ 2017-05-18T19:17:00+08:00 ] 127.0.0.1 /wp-content/uploads/2014/07/slide3.png
INFO: [ app_init ] --START--
INFO: Run Behavior\BuildLiteBehavior [ RunTime:0.000053s ]
INFO: [ app_init ] --END-- [ RunTime:0.002026s ]
ERR: 无法加载模块:Wp-content

[ 2017-05-18T19:17:00+08:00 ] 127.0.0.1 /wp-content/uploads/2014/07/slide2.png
INFO: [ app_init ] --START--
INFO: Run Behavior\BuildLiteBehavior [ RunTime:0.000046s ]
INFO: [ app_init ] --END-- [ RunTime:0.001290s ]
ERR: 无法加载模块:Wp-content

[ 2017-05-18T19:17:01+08:00 ] 127.0.0.1 /favicon.ico
INFO: [ app_init ] --START--
INFO: Run Behavior\BuildLiteBehavior [ RunTime:0.000036s ]
INFO: [ app_init ] --END-- [ RunTime:0.001150s ]
ERR: 无法加载模块:Favicon

[ 2017-05-18T19:20:44+08:00 ] 192.168.1.150 /wp-content/uploads/2014/07/slide1.png
INFO: [ app_init ] --START--
INFO: Run Behavior\BuildLiteBehavior [ RunTime:0.000034s ]
INFO: [ app_init ] --END-- [ RunTime:0.001248s ]
ERR: 无法加载模块:Wp-content

[ 2017-05-18T19:20:44+08:00 ] 192.168.1.150 /wp-content/uploads/2014/07/slide2.png
INFO: [ app_init ] --START--
INFO: Run Behavior\BuildLiteBehavior [ RunTime:0.000034s ]
INFO: [ app_init ] --END-- [ RunTime:0.001024s ]
ERR: 无法加载模块:Wp-content

[ 2017-05-18T19:20:45+08:00 ] 192.168.1.150 /wp-content/uploads/2014/07/slide3.png
INFO: [ app_init ] --START--
INFO: Run Behavior\BuildLiteBehavior [ RunTime:0.000034s ]
INFO: [ app_init ] --END-- [ RunTime:0.001243s ]
ERR: 无法加载模块:Wp-content

[ 2017-05-18T19:20:45+08:00 ] 192.168.1.150 /wp-content/uploads/2014/07/slide1.png
INFO: [ app_init ] --START--
INFO: Run Behavior\BuildLiteBehavior [ RunTime:0.000030s ]
INFO: [ app_init ] --END-- [ RunTime:0.001094s ]
ERR: 无法加载模块:Wp-content

[ 2017-05-18T19:20:45+08:00 ] 192.168.1.150 /favicon.ico
INFO: [ app_init ] --START--
INFO: Run Behavior\BuildLiteBehavior [ RunTime:0.000030s ]
INFO: [ app_init ] --END-- [ RunTime:0.000934s ]
ERR: 无法加载模块:Favicon

[ 2017-05-18T19:25:41+08:00 ] 127.0.0.1 /wp-content/uploads/2014/07/slide1.png
INFO: [ app_init ] --START--
INFO: Run Behavior\BuildLiteBehavior [ RunTime:0.000049s ]
INFO: [ app_init ] --END-- [ RunTime:0.001698s ]
ERR: 无法加载模块:Wp-content

[ 2017-05-18T19:25:41+08:00 ] 127.0.0.1 /wp-content/uploads/2014/07/slide2.png
INFO: [ app_init ] --START--
INFO: Run Behavior\BuildLiteBehavior [ RunTime:0.000060s ]
INFO: [ app_init ] --END-- [ RunTime:0.001800s ]
ERR: 无法加载模块:Wp-content

[ 2017-05-18T19:25:41+08:00 ] 127.0.0.1 /wp-content/uploads/2014/07/slide3.png
INFO: [ app_init ] --START--
INFO: Run Behavior\BuildLiteBehavior [ RunTime:0.000056s ]
INFO: [ app_init ] --END-- [ RunTime:0.001674s ]
ERR: 无法加载模块:Wp-content

[ 2017-05-18T19:25:41+08:00 ] 127.0.0.1 /favicon.ico
INFO: [ app_init ] --START--
INFO: Run Behavior\BuildLiteBehavior [ RunTime:0.000047s ]
INFO: [ app_init ] --END-- [ RunTime:0.001562s ]
ERR: 无法加载模块:Favicon

[ 2017-05-18T19:26:14+08:00 ] 127.0.0.1 /wp-content/uploads/2014/07/slide1.png
INFO: [ app_init ] --START--
INFO: Run Behavior\BuildLiteBehavior [ RunTime:0.000067s ]
INFO: [ app_init ] --END-- [ RunTime:0.002119s ]
ERR: 无法加载模块:Wp-content

[ 2017-05-18T19:26:14+08:00 ] 127.0.0.1 /wp-content/uploads/2014/07/slide2.png
INFO: [ app_init ] --START--
INFO: Run Behavior\BuildLiteBehavior [ RunTime:0.000071s ]
INFO: [ app_init ] --END-- [ RunTime:0.002171s ]
ERR: 无法加载模块:Wp-content

[ 2017-05-18T19:26:15+08:00 ] 127.0.0.1 /wp-content/uploads/2014/07/slide3.png
INFO: [ app_init ] --START--
INFO: Run Behavior\BuildLiteBehavior [ RunTime:0.000052s ]
INFO: [ app_init ] --END-- [ RunTime:0.001565s ]
ERR: 无法加载模块:Wp-content

[ 2017-05-18T19:26:32+08:00 ] 127.0.0.1 /wp-content/uploads/2014/07/slide1.png
INFO: [ app_init ] --START--
INFO: Run Behavior\BuildLiteBehavior [ RunTime:0.000047s ]
INFO: [ app_init ] --END-- [ RunTime:0.001434s ]
ERR: 无法加载模块:Wp-content

[ 2017-05-18T19:26:32+08:00 ] 127.0.0.1 /wp-content/uploads/2014/07/slide2.png
INFO: [ app_init ] --START--
INFO: Run Behavior\BuildLiteBehavior [ RunTime:0.000046s ]
INFO: [ app_init ] --END-- [ RunTime:0.001352s ]
ERR: 无法加载模块:Wp-content

[ 2017-05-18T19:26:32+08:00 ] 127.0.0.1 /wp-content/uploads/2014/07/slide3.png
INFO: [ app_init ] --START--
INFO: Run Behavior\BuildLiteBehavior [ RunTime:0.000056s ]
INFO: [ app_init ] --END-- [ RunTime:0.001422s ]
ERR: 无法加载模块:Wp-content

[ 2017-05-18T19:26:47+08:00 ] 127.0.0.1 /wp-content/uploads/2014/07/slide1.png
INFO: [ app_init ] --START--
INFO: Run Behavior\BuildLiteBehavior [ RunTime:0.000048s ]
INFO: [ app_init ] --END-- [ RunTime:0.001803s ]
ERR: 无法加载模块:Wp-content

[ 2017-05-18T19:26:47+08:00 ] 127.0.0.1 /wp-content/uploads/2014/07/slide2.png
INFO: [ app_init ] --START--
INFO: Run Behavior\BuildLiteBehavior [ RunTime:0.000036s ]
INFO: [ app_init ] --END-- [ RunTime:0.001063s ]
ERR: 无法加载模块:Wp-content

[ 2017-05-18T19:26:47+08:00 ] 127.0.0.1 /wp-content/uploads/2014/07/slide3.png
INFO: [ app_init ] --START--
INFO: Run Behavior\BuildLiteBehavior [ RunTime:0.000054s ]
INFO: [ app_init ] --END-- [ RunTime:0.002205s ]
ERR: 无法加载模块:Wp-content

[ 2017-05-18T19:29:06+08:00 ] 192.168.1.150 /wp-content/uploads/2014/07/slide3.png
INFO: [ app_init ] --START--
INFO: Run Behavior\BuildLiteBehavior [ RunTime:0.000036s ]
INFO: [ app_init ] --END-- [ RunTime:0.001344s ]
ERR: 无法加载模块:Wp-content

[ 2017-05-18T19:29:06+08:00 ] 192.168.1.150 /wp-content/uploads/2014/07/slide2.png
INFO: [ app_init ] --START--
INFO: Run Behavior\BuildLiteBehavior [ RunTime:0.000048s ]
INFO: [ app_init ] --END-- [ RunTime:0.001856s ]
ERR: 无法加载模块:Wp-content

[ 2017-05-18T19:30:02+08:00 ] 192.168.1.150 /wp-content/uploads/2014/07/slide3.png
INFO: [ app_init ] --START--
INFO: Run Behavior\BuildLiteBehavior [ RunTime:0.000035s ]
INFO: [ app_init ] --END-- [ RunTime:0.001160s ]
ERR: 无法加载模块:Wp-content

[ 2017-05-18T19:30:02+08:00 ] 192.168.1.150 /wp-content/uploads/2014/07/slide1.png
INFO: [ app_init ] --START--
INFO: Run Behavior\BuildLiteBehavior [ RunTime:0.000036s ]
INFO: [ app_init ] --END-- [ RunTime:0.001645s ]
ERR: 无法加载模块:Wp-content

[ 2017-05-18T19:30:02+08:00 ] 192.168.1.150 /wp-content/uploads/2014/07/slide2.png
INFO: [ app_init ] --START--
INFO: Run Behavior\BuildLiteBehavior [ RunTime:0.000035s ]
INFO: [ app_init ] --END-- [ RunTime:0.001356s ]
ERR: 无法加载模块:Wp-content

[ 2017-05-18T19:31:26+08:00 ] 192.168.1.150 /wp-content/uploads/2014/07/slide2.png
INFO: [ app_init ] --START--
INFO: Run Behavior\BuildLiteBehavior [ RunTime:0.000044s ]
INFO: [ app_init ] --END-- [ RunTime:0.001733s ]
ERR: 无法加载模块:Wp-content

[ 2017-05-18T19:31:26+08:00 ] 192.168.1.150 /wp-content/uploads/2014/07/slide3.png
INFO: [ app_init ] --START--
INFO: Run Behavior\BuildLiteBehavior [ RunTime:0.000051s ]
INFO: [ app_init ] --END-- [ RunTime:0.001793s ]
ERR: 无法加载模块:Wp-content

[ 2017-05-18T19:31:59+08:00 ] 127.0.0.1 /wp-content/uploads/2014/07/slide1.png
INFO: [ app_init ] --START--
INFO: Run Behavior\BuildLiteBehavior [ RunTime:0.000076s ]
INFO: [ app_init ] --END-- [ RunTime:0.002198s ]
ERR: 无法加载模块:Wp-content

[ 2017-05-18T19:31:59+08:00 ] 127.0.0.1 /wp-content/uploads/2014/07/slide2.png
INFO: [ app_init ] --START--
INFO: Run Behavior\BuildLiteBehavior [ RunTime:0.000090s ]
INFO: [ app_init ] --END-- [ RunTime:0.001854s ]
ERR: 无法加载模块:Wp-content

[ 2017-05-18T19:31:59+08:00 ] 127.0.0.1 /wp-content/uploads/2014/07/slide3.png
INFO: [ app_init ] --START--
INFO: Run Behavior\BuildLiteBehavior [ RunTime:0.000059s ]
INFO: [ app_init ] --END-- [ RunTime:0.001712s ]
ERR: 无法加载模块:Wp-content

[ 2017-05-18T19:32:06+08:00 ] 127.0.0.1 /wp-content/uploads/2014/07/slide1.png
INFO: [ app_init ] --START--
INFO: Run Behavior\BuildLiteBehavior [ RunTime:0.000083s ]
INFO: [ app_init ] --END-- [ RunTime:0.010376s ]
ERR: 无法加载模块:Wp-content

[ 2017-05-18T19:32:06+08:00 ] 127.0.0.1 /wp-content/uploads/2014/07/slide2.png
INFO: [ app_init ] --START--
INFO: Run Behavior\BuildLiteBehavior [ RunTime:0.000091s ]
INFO: [ app_init ] --END-- [ RunTime:0.001652s ]
ERR: 无法加载模块:Wp-content

[ 2017-05-18T19:32:06+08:00 ] 127.0.0.1 /wp-content/uploads/2014/07/slide3.png
INFO: [ app_init ] --START--
INFO: Run Behavior\BuildLiteBehavior [ RunTime:0.000067s ]
INFO: [ app_init ] --END-- [ RunTime:0.002090s ]
ERR: 无法加载模块:Wp-content

[ 2017-05-18T19:41:02+08:00 ] 127.0.0.1 /wp-content/uploads/2014/07/slide1.png
INFO: [ app_init ] --START--
INFO: Run Behavior\BuildLiteBehavior [ RunTime:0.000073s ]
INFO: [ app_init ] --END-- [ RunTime:0.003617s ]
ERR: 无法加载模块:Wp-content

[ 2017-05-18T19:41:03+08:00 ] 127.0.0.1 /wp-content/uploads/2014/07/slide2.png
INFO: [ app_init ] --START--
INFO: Run Behavior\BuildLiteBehavior [ RunTime:0.000039s ]
INFO: [ app_init ] --END-- [ RunTime:0.001268s ]
ERR: 无法加载模块:Wp-content

[ 2017-05-18T19:41:03+08:00 ] 127.0.0.1 /wp-content/uploads/2014/07/slide3.png
INFO: [ app_init ] --START--
INFO: Run Behavior\BuildLiteBehavior [ RunTime:0.000077s ]
INFO: [ app_init ] --END-- [ RunTime:0.002947s ]
ERR: 无法加载模块:Wp-content

[ 2017-05-18T19:42:38+08:00 ] 127.0.0.1 /wp-content/uploads/2014/07/slide1.png
INFO: [ app_init ] --START--
INFO: Run Behavior\BuildLiteBehavior [ RunTime:0.000077s ]
INFO: [ app_init ] --END-- [ RunTime:0.003338s ]
ERR: 无法加载模块:Wp-content

[ 2017-05-18T19:42:38+08:00 ] 127.0.0.1 /wp-content/uploads/2014/07/slide2.png
INFO: [ app_init ] --START--
INFO: Run Behavior\BuildLiteBehavior [ RunTime:0.000057s ]
INFO: [ app_init ] --END-- [ RunTime:0.001849s ]
ERR: 无法加载模块:Wp-content

[ 2017-05-18T19:42:38+08:00 ] 127.0.0.1 /wp-content/uploads/2014/07/slide3.png
INFO: [ app_init ] --START--
INFO: Run Behavior\BuildLiteBehavior [ RunTime:0.000040s ]
INFO: [ app_init ] --END-- [ RunTime:0.001209s ]
ERR: 无法加载模块:Wp-content

[ 2017-05-18T19:43:18+08:00 ] 127.0.0.1 /wp-content/uploads/2014/07/slide1.png
INFO: [ app_init ] --START--
INFO: Run Behavior\BuildLiteBehavior [ RunTime:0.000063s ]
INFO: [ app_init ] --END-- [ RunTime:0.003845s ]
ERR: 无法加载模块:Wp-content

[ 2017-05-18T19:43:18+08:00 ] 127.0.0.1 /wp-content/uploads/2014/07/slide2.png
INFO: [ app_init ] --START--
INFO: Run Behavior\BuildLiteBehavior [ RunTime:0.000051s ]
INFO: [ app_init ] --END-- [ RunTime:0.001324s ]
ERR: 无法加载模块:Wp-content

[ 2017-05-18T19:43:18+08:00 ] 127.0.0.1 /wp-content/uploads/2014/07/slide3.png
INFO: [ app_init ] --START--
INFO: Run Behavior\BuildLiteBehavior [ RunTime:0.000038s ]
INFO: [ app_init ] --END-- [ RunTime:0.001537s ]
ERR: 无法加载模块:Wp-content

[ 2017-05-18T19:44:18+08:00 ] 127.0.0.1 /wp-content/uploads/2014/07/slide1.png
INFO: [ app_init ] --START--
INFO: Run Behavior\BuildLiteBehavior [ RunTime:0.000063s ]
INFO: [ app_init ] --END-- [ RunTime:0.004906s ]
ERR: 无法加载模块:Wp-content

[ 2017-05-18T19:44:18+08:00 ] 127.0.0.1 /wp-content/uploads/2014/07/slide2.png
INFO: [ app_init ] --START--
INFO: Run Behavior\BuildLiteBehavior [ RunTime:0.000051s ]
INFO: [ app_init ] --END-- [ RunTime:0.001612s ]
ERR: 无法加载模块:Wp-content

[ 2017-05-18T19:44:18+08:00 ] 127.0.0.1 /wp-content/uploads/2014/07/slide3.png
INFO: [ app_init ] --START--
INFO: Run Behavior\BuildLiteBehavior [ RunTime:0.000074s ]
INFO: [ app_init ] --END-- [ RunTime:0.002976s ]
ERR: 无法加载模块:Wp-content

[ 2017-05-18T19:46:35+08:00 ] 127.0.0.1 /wp-content/uploads/2014/07/slide1.png
INFO: [ app_init ] --START--
INFO: Run Behavior\BuildLiteBehavior [ RunTime:0.000090s ]
INFO: [ app_init ] --END-- [ RunTime:0.004306s ]
ERR: 无法加载模块:Wp-content

[ 2017-05-18T19:46:35+08:00 ] 127.0.0.1 /wp-content/uploads/2014/07/slide2.png
INFO: [ app_init ] --START--
INFO: Run Behavior\BuildLiteBehavior [ RunTime:0.000060s ]
INFO: [ app_init ] --END-- [ RunTime:0.001839s ]
ERR: 无法加载模块:Wp-content

[ 2017-05-18T19:46:35+08:00 ] 127.0.0.1 /wp-content/uploads/2014/07/slide3.png
INFO: [ app_init ] --START--
INFO: Run Behavior\BuildLiteBehavior [ RunTime:0.000051s ]
INFO: [ app_init ] --END-- [ RunTime:0.001522s ]
ERR: 无法加载模块:Wp-content

[ 2017-05-18T19:46:45+08:00 ] 127.0.0.1 /wp-content/uploads/2014/07/slide1.png
INFO: [ app_init ] --START--
INFO: Run Behavior\BuildLiteBehavior [ RunTime:0.000064s ]
INFO: [ app_init ] --END-- [ RunTime:0.001776s ]
ERR: 无法加载模块:Wp-content

[ 2017-05-18T19:46:45+08:00 ] 127.0.0.1 /wp-content/uploads/2014/07/slide2.png
INFO: [ app_init ] --START--
INFO: Run Behavior\BuildLiteBehavior [ RunTime:0.000069s ]
INFO: [ app_init ] --END-- [ RunTime:0.002094s ]
ERR: 无法加载模块:Wp-content

[ 2017-05-18T19:46:45+08:00 ] 127.0.0.1 /wp-content/uploads/2014/07/slide3.png
INFO: [ app_init ] --START--
INFO: Run Behavior\BuildLiteBehavior [ RunTime:0.000039s ]
INFO: [ app_init ] --END-- [ RunTime:0.001255s ]
ERR: 无法加载模块:Wp-content

[ 2017-05-18T19:47:03+08:00 ] 192.168.1.150 /wp-content/uploads/2014/07/slide3.png
INFO: [ app_init ] --START--
INFO: Run Behavior\BuildLiteBehavior [ RunTime:0.000049s ]
INFO: [ app_init ] --END-- [ RunTime:0.001463s ]
ERR: 无法加载模块:Wp-content

[ 2017-05-18T19:47:03+08:00 ] 192.168.1.150 /wp-content/uploads/2014/07/slide2.png
INFO: [ app_init ] --START--
INFO: Run Behavior\BuildLiteBehavior [ RunTime:0.000039s ]
INFO: [ app_init ] --END-- [ RunTime:0.001315s ]
ERR: 无法加载模块:Wp-content

[ 2017-05-18T19:47:03+08:00 ] 192.168.1.150 /wp-content/uploads/2014/07/slide1.png
INFO: [ app_init ] --START--
INFO: Run Behavior\BuildLiteBehavior [ RunTime:0.000035s ]
INFO: [ app_init ] --END-- [ RunTime:0.001308s ]
ERR: 无法加载模块:Wp-content

[ 2017-05-18T19:47:31+08:00 ] 192.168.1.150 /wp-content/uploads/2014/07/slide1.png
INFO: [ app_init ] --START--
INFO: Run Behavior\BuildLiteBehavior [ RunTime:0.000050s ]
INFO: [ app_init ] --END-- [ RunTime:0.001537s ]
ERR: 无法加载模块:Wp-content

[ 2017-05-18T19:47:31+08:00 ] 192.168.1.150 /wp-content/uploads/2014/07/slide2.png
INFO: [ app_init ] --START--
INFO: Run Behavior\BuildLiteBehavior [ RunTime:0.000036s ]
INFO: [ app_init ] --END-- [ RunTime:0.001075s ]
ERR: 无法加载模块:Wp-content

[ 2017-05-18T19:47:31+08:00 ] 192.168.1.150 /wp-content/uploads/2014/07/slide3.png
INFO: [ app_init ] --START--
INFO: Run Behavior\BuildLiteBehavior [ RunTime:0.000036s ]
INFO: [ app_init ] --END-- [ RunTime:0.001063s ]
ERR: 无法加载模块:Wp-content

[ 2017-05-18T19:59:36+08:00 ] 127.0.0.1 /wp-content/uploads/2014/07/slide1.png
INFO: [ app_init ] --START--
INFO: Run Behavior\BuildLiteBehavior [ RunTime:0.000040s ]
INFO: [ app_init ] --END-- [ RunTime:0.001487s ]
ERR: 无法加载模块:Wp-content

[ 2017-05-18T19:59:36+08:00 ] 127.0.0.1 /wp-content/uploads/2014/07/slide2.png
INFO: [ app_init ] --START--
INFO: Run Behavior\BuildLiteBehavior [ RunTime:0.000060s ]
INFO: [ app_init ] --END-- [ RunTime:0.001765s ]
ERR: 无法加载模块:Wp-content

[ 2017-05-18T19:59:36+08:00 ] 127.0.0.1 /wp-content/uploads/2014/07/slide3.png
INFO: [ app_init ] --START--
INFO: Run Behavior\BuildLiteBehavior [ RunTime:0.000061s ]
INFO: [ app_init ] --END-- [ RunTime:0.001755s ]
ERR: 无法加载模块:Wp-content

[ 2017-05-18T19:59:37+08:00 ] 127.0.0.1 /favicon.ico
INFO: [ app_init ] --START--
INFO: Run Behavior\BuildLiteBehavior [ RunTime:0.000096s ]
INFO: [ app_init ] --END-- [ RunTime:0.002707s ]
ERR: 无法加载模块:Favicon

[ 2017-05-18T20:13:20+08:00 ] 192.168.1.150 /favicon.ico
INFO: [ app_init ] --START--
INFO: Run Behavior\BuildLiteBehavior [ RunTime:0.000033s ]
INFO: [ app_init ] --END-- [ RunTime:0.001285s ]
ERR: 无法加载模块:Favicon

[ 2017-05-18T20:13:26+08:00 ] 192.168.1.150 /wp-content/uploads/2014/07/slide2.png
INFO: [ app_init ] --START--
INFO: Run Behavior\BuildLiteBehavior [ RunTime:0.000031s ]
INFO: [ app_init ] --END-- [ RunTime:0.001145s ]
ERR: 无法加载模块:Wp-content

[ 2017-05-18T20:13:26+08:00 ] 192.168.1.150 /wp-content/uploads/2014/07/slide3.png
INFO: [ app_init ] --START--
INFO: Run Behavior\BuildLiteBehavior [ RunTime:0.000041s ]
INFO: [ app_init ] --END-- [ RunTime:0.001474s ]
ERR: 无法加载模块:Wp-content

